

Started GET "/" for ::1 at 2015-01-24 19:43:32 -0800

ActiveRecord::PendingMigrationError (

Migrations are pending. To resolve this issue, run:

	bin/rake db:migrate RAILS_ENV=development

):
  activerecord (4.2.0) lib/active_record/migration.rb:393:in `check_pending!'
  activerecord (4.2.0) lib/active_record/migration.rb:374:in `call'
  actionpack (4.2.0) lib/action_dispatch/middleware/callbacks.rb:29:in `block in call'
  activesupport (4.2.0) lib/active_support/callbacks.rb:88:in `call'
  activesupport (4.2.0) lib/active_support/callbacks.rb:88:in `_run_callbacks'
  activesupport (4.2.0) lib/active_support/callbacks.rb:734:in `_run_call_callbacks'
  activesupport (4.2.0) lib/active_support/callbacks.rb:81:in `run_callbacks'
  actionpack (4.2.0) lib/action_dispatch/middleware/callbacks.rb:27:in `call'
  actionpack (4.2.0) lib/action_dispatch/middleware/reloader.rb:73:in `call'
  actionpack (4.2.0) lib/action_dispatch/middleware/remote_ip.rb:78:in `call'
  web-console (2.0.0.beta3) lib/action_dispatch/debug_exceptions.rb:18:in `middleware_call'
  web-console (2.0.0.beta3) lib/action_dispatch/debug_exceptions.rb:13:in `call'
  actionpack (4.2.0) lib/action_dispatch/middleware/show_exceptions.rb:30:in `call'
  railties (4.2.0) lib/rails/rack/logger.rb:38:in `call_app'
  railties (4.2.0) lib/rails/rack/logger.rb:20:in `block in call'
  activesupport (4.2.0) lib/active_support/tagged_logging.rb:68:in `block in tagged'
  activesupport (4.2.0) lib/active_support/tagged_logging.rb:26:in `tagged'
  activesupport (4.2.0) lib/active_support/tagged_logging.rb:68:in `tagged'
  railties (4.2.0) lib/rails/rack/logger.rb:20:in `call'
  actionpack (4.2.0) lib/action_dispatch/middleware/request_id.rb:21:in `call'
  rack (1.6.0) lib/rack/methodoverride.rb:22:in `call'
  rack (1.6.0) lib/rack/runtime.rb:18:in `call'
  activesupport (4.2.0) lib/active_support/cache/strategy/local_cache_middleware.rb:28:in `call'
  rack (1.6.0) lib/rack/lock.rb:17:in `call'
  actionpack (4.2.0) lib/action_dispatch/middleware/static.rb:113:in `call'
  rack (1.6.0) lib/rack/sendfile.rb:113:in `call'
  railties (4.2.0) lib/rails/engine.rb:518:in `call'
  railties (4.2.0) lib/rails/application.rb:164:in `call'
  rack (1.6.0) lib/rack/lock.rb:17:in `call'
  rack (1.6.0) lib/rack/content_length.rb:15:in `call'
  rack (1.6.0) lib/rack/handler/webrick.rb:89:in `service'
  /usr/local/Cellar/ruby/2.2.0/lib/ruby/2.2.0/webrick/httpserver.rb:138:in `service'
  /usr/local/Cellar/ruby/2.2.0/lib/ruby/2.2.0/webrick/httpserver.rb:94:in `run'
  /usr/local/Cellar/ruby/2.2.0/lib/ruby/2.2.0/webrick/server.rb:294:in `block in start_thread'


  Rendered /Users/Kevin/.rvm/gems/ruby-2.2.0/gems/web-console-2.0.0.beta3/lib/action_dispatch/templates/rescues/_source.erb (2.8ms)
  Rendered /Users/Kevin/.rvm/gems/ruby-2.2.0/gems/web-console-2.0.0.beta3/lib/action_dispatch/templates/rescues/_trace.html.erb (1.7ms)
  Rendered /Users/Kevin/.rvm/gems/ruby-2.2.0/gems/web-console-2.0.0.beta3/lib/action_dispatch/templates/rescues/_request_and_response.html.erb (1.0ms)
  Rendered /Users/Kevin/.rvm/gems/ruby-2.2.0/gems/web-console-2.0.0.beta3/lib/action_dispatch/templates/rescues/_web_console.html.erb (0.9ms)
  Rendered /Users/Kevin/.rvm/gems/ruby-2.2.0/gems/web-console-2.0.0.beta3/lib/action_dispatch/templates/rescues/diagnostics.html.erb within rescues/layout (71.2ms)


Started GET "/" for ::1 at 2015-01-24 19:49:42 -0800

ActiveRecord::PendingMigrationError (

Migrations are pending. To resolve this issue, run:

	bin/rake db:migrate RAILS_ENV=development

):
  activerecord (4.2.0) lib/active_record/migration.rb:393:in `check_pending!'
  activerecord (4.2.0) lib/active_record/migration.rb:374:in `call'
  actionpack (4.2.0) lib/action_dispatch/middleware/callbacks.rb:29:in `block in call'
  activesupport (4.2.0) lib/active_support/callbacks.rb:88:in `call'
  activesupport (4.2.0) lib/active_support/callbacks.rb:88:in `_run_callbacks'
  activesupport (4.2.0) lib/active_support/callbacks.rb:734:in `_run_call_callbacks'
  activesupport (4.2.0) lib/active_support/callbacks.rb:81:in `run_callbacks'
  actionpack (4.2.0) lib/action_dispatch/middleware/callbacks.rb:27:in `call'
  actionpack (4.2.0) lib/action_dispatch/middleware/reloader.rb:73:in `call'
  actionpack (4.2.0) lib/action_dispatch/middleware/remote_ip.rb:78:in `call'
  web-console (2.0.0.beta3) lib/action_dispatch/debug_exceptions.rb:18:in `middleware_call'
  web-console (2.0.0.beta3) lib/action_dispatch/debug_exceptions.rb:13:in `call'
  actionpack (4.2.0) lib/action_dispatch/middleware/show_exceptions.rb:30:in `call'
  railties (4.2.0) lib/rails/rack/logger.rb:38:in `call_app'
  railties (4.2.0) lib/rails/rack/logger.rb:20:in `block in call'
  activesupport (4.2.0) lib/active_support/tagged_logging.rb:68:in `block in tagged'
  activesupport (4.2.0) lib/active_support/tagged_logging.rb:26:in `tagged'
  activesupport (4.2.0) lib/active_support/tagged_logging.rb:68:in `tagged'
  railties (4.2.0) lib/rails/rack/logger.rb:20:in `call'
  actionpack (4.2.0) lib/action_dispatch/middleware/request_id.rb:21:in `call'
  rack (1.6.0) lib/rack/methodoverride.rb:22:in `call'
  rack (1.6.0) lib/rack/runtime.rb:18:in `call'
  activesupport (4.2.0) lib/active_support/cache/strategy/local_cache_middleware.rb:28:in `call'
  rack (1.6.0) lib/rack/lock.rb:17:in `call'
  actionpack (4.2.0) lib/action_dispatch/middleware/static.rb:113:in `call'
  rack (1.6.0) lib/rack/sendfile.rb:113:in `call'
  railties (4.2.0) lib/rails/engine.rb:518:in `call'
  railties (4.2.0) lib/rails/application.rb:164:in `call'
  rack (1.6.0) lib/rack/lock.rb:17:in `call'
  rack (1.6.0) lib/rack/content_length.rb:15:in `call'
  rack (1.6.0) lib/rack/handler/webrick.rb:89:in `service'
  /usr/local/Cellar/ruby/2.2.0/lib/ruby/2.2.0/webrick/httpserver.rb:138:in `service'
  /usr/local/Cellar/ruby/2.2.0/lib/ruby/2.2.0/webrick/httpserver.rb:94:in `run'
  /usr/local/Cellar/ruby/2.2.0/lib/ruby/2.2.0/webrick/server.rb:294:in `block in start_thread'


  Rendered /Users/Kevin/.rvm/gems/ruby-2.2.0/gems/web-console-2.0.0.beta3/lib/action_dispatch/templates/rescues/_source.erb (3.1ms)
  Rendered /Users/Kevin/.rvm/gems/ruby-2.2.0/gems/web-console-2.0.0.beta3/lib/action_dispatch/templates/rescues/_trace.html.erb (1.3ms)
  Rendered /Users/Kevin/.rvm/gems/ruby-2.2.0/gems/web-console-2.0.0.beta3/lib/action_dispatch/templates/rescues/_request_and_response.html.erb (0.8ms)
  Rendered /Users/Kevin/.rvm/gems/ruby-2.2.0/gems/web-console-2.0.0.beta3/lib/action_dispatch/templates/rescues/_web_console.html.erb (0.9ms)
  Rendered /Users/Kevin/.rvm/gems/ruby-2.2.0/gems/web-console-2.0.0.beta3/lib/action_dispatch/templates/rescues/diagnostics.html.erb within rescues/layout (57.4ms)
  [1m[36m (1.7ms)[0m  [1mCREATE TABLE "schema_migrations" ("version" varchar NOT NULL) [0m
  [1m[35m (0.1ms)[0m  select sqlite_version(*)
  [1m[36m (0.7ms)[0m  [1mCREATE UNIQUE INDEX "unique_schema_migrations" ON "schema_migrations" ("version")[0m
  [1m[35mActiveRecord::SchemaMigration Load (0.1ms)[0m  SELECT "schema_migrations".* FROM "schema_migrations"
Migrating to CreateUsers (20150120033223)
  [1m[36m (0.1ms)[0m  [1mbegin transaction[0m
  [1m[35m (0.3ms)[0m  CREATE TABLE "users" ("id" INTEGER PRIMARY KEY AUTOINCREMENT NOT NULL, "name" varchar, "email" varchar, "created_at" datetime NOT NULL, "updated_at" datetime NOT NULL) 
  [1m[36mSQL (0.1ms)[0m  [1mINSERT INTO "schema_migrations" ("version") VALUES (?)[0m  [["version", "20150120033223"]]
  [1m[35m (0.9ms)[0m  commit transaction
Migrating to AddIndexToUsersEmail (20150120035929)
  [1m[36m (0.2ms)[0m  [1mbegin transaction[0m
  [1m[35m (0.3ms)[0m  CREATE UNIQUE INDEX "index_users_on_email" ON "users" ("email")
  [1m[36mSQL (0.1ms)[0m  [1mINSERT INTO "schema_migrations" ("version") VALUES (?)[0m  [["version", "20150120035929"]]
  [1m[35m (0.7ms)[0m  commit transaction
Migrating to AddPasswordDigestToUsers (20150120040507)
  [1m[36m (0.1ms)[0m  [1mbegin transaction[0m
  [1m[35m (0.3ms)[0m  ALTER TABLE "users" ADD "password_digest" varchar
  [1m[36mSQL (0.1ms)[0m  [1mINSERT INTO "schema_migrations" ("version") VALUES (?)[0m  [["version", "20150120040507"]]
  [1m[35m (0.6ms)[0m  commit transaction
Migrating to AddRememberDigestToUsers (20150122014718)
  [1m[36m (0.1ms)[0m  [1mbegin transaction[0m
  [1m[35m (0.3ms)[0m  ALTER TABLE "users" ADD "remember_digest" varchar
  [1m[36mSQL (0.1ms)[0m  [1mINSERT INTO "schema_migrations" ("version") VALUES (?)[0m  [["version", "20150122014718"]]
  [1m[35m (0.6ms)[0m  commit transaction
Migrating to AddAdminToUsers (20150123045338)
  [1m[36m (0.1ms)[0m  [1mbegin transaction[0m
  [1m[35m (0.3ms)[0m  ALTER TABLE "users" ADD "admin" boolean DEFAULT 'f'
  [1m[36mSQL (0.1ms)[0m  [1mINSERT INTO "schema_migrations" ("version") VALUES (?)[0m  [["version", "20150123045338"]]
  [1m[35m (0.7ms)[0m  commit transaction
Migrating to AddActivationToUsers (20150123061459)
  [1m[36m (0.1ms)[0m  [1mbegin transaction[0m
  [1m[35m (0.3ms)[0m  ALTER TABLE "users" ADD "activation_digest" varchar
  [1m[36m (0.1ms)[0m  [1mALTER TABLE "users" ADD "activated" boolean DEFAULT 'f'[0m
  [1m[35m (0.1ms)[0m  ALTER TABLE "users" ADD "activated_at" datetime
  [1m[36mSQL (0.1ms)[0m  [1mINSERT INTO "schema_migrations" ("version") VALUES (?)[0m  [["version", "20150123061459"]]
  [1m[35m (0.6ms)[0m  commit transaction
  [1m[36mActiveRecord::SchemaMigration Load (0.1ms)[0m  [1mSELECT "schema_migrations".* FROM "schema_migrations"[0m
  [1m[35m (0.1ms)[0m              SELECT sql
            FROM sqlite_master
            WHERE name='index_users_on_email' AND type='index'
            UNION ALL
            SELECT sql
            FROM sqlite_temp_master
            WHERE name='index_users_on_email' AND type='index'



Started GET "/" for ::1 at 2015-01-24 19:50:11 -0800
  [1m[36mActiveRecord::SchemaMigration Load (0.1ms)[0m  [1mSELECT "schema_migrations".* FROM "schema_migrations"[0m
Processing by StaticPagesController#home as HTML
  Rendered static_pages/home.html.erb within layouts/application (8.9ms)
  Rendered layouts/_shim.html.erb (0.4ms)
  Rendered layouts/_header.html.erb (3.8ms)
  Rendered layouts/_footer.html.erb (0.5ms)
Completed 200 OK in 3537ms (Views: 3527.9ms | ActiveRecord: 0.0ms)


Started GET "/assets/custom-a25e1e848418c6cd80c6aab64c2cf247.css?body=1" for ::1 at 2015-01-24 19:50:15 -0800


Started GET "/assets/account_activations-069e88c06b889877799890854d7f4c40.css?body=1" for ::1 at 2015-01-24 19:50:15 -0800


Started GET "/assets/static_pages-069e88c06b889877799890854d7f4c40.css?body=1" for ::1 at 2015-01-24 19:50:15 -0800


Started GET "/assets/sessions-069e88c06b889877799890854d7f4c40.css?body=1" for ::1 at 2015-01-24 19:50:15 -0800


Started GET "/assets/users-069e88c06b889877799890854d7f4c40.css?body=1" for ::1 at 2015-01-24 19:50:15 -0800


Started GET "/assets/application-604f3e13a24577ac098ba61006f20936.css?body=1" for ::1 at 2015-01-24 19:50:15 -0800


Started GET "/assets/jquery-eb3e278249152b5b5d5170b73d9dbf52.js?body=1" for ::1 at 2015-01-24 19:50:15 -0800


Started GET "/assets/bootstrap-2cf50f7cc67d1a75664e680af6181cac.js?body=1" for ::1 at 2015-01-24 19:50:15 -0800


Started GET "/assets/turbolinks-3a7cdb8630f3e86770867bd488a098e0.js?body=1" for ::1 at 2015-01-24 19:50:15 -0800


Started GET "/assets/jquery_ujs-0b8f09cf5aec4ba1be1abd9f915c77e2.js?body=1" for ::1 at 2015-01-24 19:50:15 -0800


Started GET "/assets/account_activations-8f6eecd1178ef85964369ec66d33c4f1.js?body=1" for ::1 at 2015-01-24 19:50:15 -0800


Started GET "/assets/sessions-8f6eecd1178ef85964369ec66d33c4f1.js?body=1" for ::1 at 2015-01-24 19:50:15 -0800


Started GET "/assets/users-8f6eecd1178ef85964369ec66d33c4f1.js?body=1" for ::1 at 2015-01-24 19:50:15 -0800


Started GET "/assets/static_pages-8f6eecd1178ef85964369ec66d33c4f1.js?body=1" for ::1 at 2015-01-24 19:50:15 -0800


Started GET "/assets/application-c3d83b9a47aa1a6ea1c27cbbad85d4be.js?body=1" for ::1 at 2015-01-24 19:50:15 -0800


Started GET "/assets/Shape-Lightning-25-38cb49b10bce5f4c8575908cb09f23f1.png" for ::1 at 2015-01-24 19:50:15 -0800
  [1m[36mActiveRecord::SchemaMigration Load (0.1ms)[0m  [1mSELECT "schema_migrations".* FROM "schema_migrations"[0m
  [1m[35mActiveRecord::SchemaMigration Load (0.3ms)[0m  SELECT "schema_migrations".* FROM "schema_migrations"
  [1m[36m (0.2ms)[0m  [1m            SELECT sql
            FROM sqlite_master
            WHERE name='index_users_on_email' AND type='index'
            UNION ALL
            SELECT sql
            FROM sqlite_temp_master
            WHERE name='index_users_on_email' AND type='index'
[0m


Started GET "/" for ::1 at 2015-01-24 19:56:05 -0800
Processing by StaticPagesController#home as HTML
  Rendered static_pages/home.html.erb within layouts/application (4.4ms)
  Rendered layouts/_shim.html.erb (0.0ms)
  Rendered layouts/_header.html.erb (0.3ms)
  Rendered layouts/_footer.html.erb (0.1ms)
Completed 200 OK in 123ms (Views: 122.5ms | ActiveRecord: 0.0ms)


Started GET "/assets/custom-a25e1e848418c6cd80c6aab64c2cf247.css?body=1" for ::1 at 2015-01-24 19:56:05 -0800


Started GET "/assets/users-069e88c06b889877799890854d7f4c40.css?body=1" for ::1 at 2015-01-24 19:56:05 -0800


Started GET "/assets/sessions-069e88c06b889877799890854d7f4c40.css?body=1" for ::1 at 2015-01-24 19:56:05 -0800


Started GET "/assets/account_activations-069e88c06b889877799890854d7f4c40.css?body=1" for ::1 at 2015-01-24 19:56:05 -0800


Started GET "/assets/static_pages-069e88c06b889877799890854d7f4c40.css?body=1" for ::1 at 2015-01-24 19:56:05 -0800


Started GET "/assets/jquery-eb3e278249152b5b5d5170b73d9dbf52.js?body=1" for ::1 at 2015-01-24 19:56:05 -0800


Started GET "/assets/application-604f3e13a24577ac098ba61006f20936.css?body=1" for ::1 at 2015-01-24 19:56:05 -0800


Started GET "/assets/jquery_ujs-0b8f09cf5aec4ba1be1abd9f915c77e2.js?body=1" for ::1 at 2015-01-24 19:56:05 -0800


Started GET "/assets/bootstrap-2cf50f7cc67d1a75664e680af6181cac.js?body=1" for ::1 at 2015-01-24 19:56:05 -0800


Started GET "/assets/account_activations-8f6eecd1178ef85964369ec66d33c4f1.js?body=1" for ::1 at 2015-01-24 19:56:05 -0800


Started GET "/assets/sessions-8f6eecd1178ef85964369ec66d33c4f1.js?body=1" for ::1 at 2015-01-24 19:56:05 -0800


Started GET "/assets/static_pages-8f6eecd1178ef85964369ec66d33c4f1.js?body=1" for ::1 at 2015-01-24 19:56:05 -0800


Started GET "/assets/turbolinks-3a7cdb8630f3e86770867bd488a098e0.js?body=1" for ::1 at 2015-01-24 19:56:05 -0800


Started GET "/assets/users-8f6eecd1178ef85964369ec66d33c4f1.js?body=1" for ::1 at 2015-01-24 19:56:05 -0800


Started GET "/assets/application-c3d83b9a47aa1a6ea1c27cbbad85d4be.js?body=1" for ::1 at 2015-01-24 19:56:05 -0800


Started GET "/assets/Shape-Lightning-25-31553f03479375eb3f7187c4da0de511.png" for ::1 at 2015-01-24 19:56:05 -0800


Started GET "/" for ::1 at 2015-01-24 19:56:40 -0800
Processing by StaticPagesController#home as HTML
  Rendered static_pages/home.html.erb within layouts/application (0.7ms)
  Rendered layouts/_shim.html.erb (0.3ms)
  Rendered layouts/_header.html.erb (0.9ms)
  Rendered layouts/_footer.html.erb (0.5ms)
Completed 200 OK in 106ms (Views: 105.6ms | ActiveRecord: 0.0ms)


Started GET "/" for ::1 at 2015-01-24 20:00:10 -0800
Processing by StaticPagesController#home as HTML
  Rendered static_pages/home.html.erb within layouts/application (0.3ms)
  Rendered layouts/_shim.html.erb (0.0ms)
  Rendered layouts/_header.html.erb (0.9ms)
  Rendered layouts/_footer.html.erb (0.5ms)
Completed 200 OK in 102ms (Views: 101.5ms | ActiveRecord: 0.0ms)


Started GET "/assets/account_activations-069e88c06b889877799890854d7f4c40.css?body=1" for ::1 at 2015-01-24 20:00:11 -0800


Started GET "/assets/application-604f3e13a24577ac098ba61006f20936.css?body=1" for ::1 at 2015-01-24 20:00:11 -0800


Started GET "/assets/static_pages-069e88c06b889877799890854d7f4c40.css?body=1" for ::1 at 2015-01-24 20:00:11 -0800


Started GET "/assets/sessions-069e88c06b889877799890854d7f4c40.css?body=1" for ::1 at 2015-01-24 20:00:11 -0800


Started GET "/assets/jquery-eb3e278249152b5b5d5170b73d9dbf52.js?body=1" for ::1 at 2015-01-24 20:00:11 -0800


Started GET "/assets/custom-a25e1e848418c6cd80c6aab64c2cf247.css?body=1" for ::1 at 2015-01-24 20:00:11 -0800


Started GET "/assets/users-069e88c06b889877799890854d7f4c40.css?body=1" for ::1 at 2015-01-24 20:00:11 -0800


Started GET "/assets/jquery_ujs-0b8f09cf5aec4ba1be1abd9f915c77e2.js?body=1" for ::1 at 2015-01-24 20:00:11 -0800


Started GET "/assets/turbolinks-3a7cdb8630f3e86770867bd488a098e0.js?body=1" for ::1 at 2015-01-24 20:00:11 -0800


Started GET "/assets/account_activations-8f6eecd1178ef85964369ec66d33c4f1.js?body=1" for ::1 at 2015-01-24 20:00:11 -0800


Started GET "/assets/sessions-8f6eecd1178ef85964369ec66d33c4f1.js?body=1" for ::1 at 2015-01-24 20:00:11 -0800


Started GET "/assets/bootstrap-2cf50f7cc67d1a75664e680af6181cac.js?body=1" for ::1 at 2015-01-24 20:00:11 -0800


Started GET "/assets/users-8f6eecd1178ef85964369ec66d33c4f1.js?body=1" for ::1 at 2015-01-24 20:00:11 -0800


Started GET "/assets/static_pages-8f6eecd1178ef85964369ec66d33c4f1.js?body=1" for ::1 at 2015-01-24 20:00:11 -0800


Started GET "/assets/application-c3d83b9a47aa1a6ea1c27cbbad85d4be.js?body=1" for ::1 at 2015-01-24 20:00:11 -0800


Started GET "/assets/Shape-Lightning-25-31553f03479375eb3f7187c4da0de511.png" for ::1 at 2015-01-24 20:00:11 -0800


Started GET "/" for ::1 at 2015-01-24 20:00:39 -0800
Processing by StaticPagesController#home as HTML
  Rendered static_pages/home.html.erb within layouts/application (0.3ms)
  Rendered layouts/_shim.html.erb (0.1ms)
  Rendered layouts/_header.html.erb (0.3ms)
  Rendered layouts/_footer.html.erb (0.5ms)
Completed 200 OK in 103ms (Views: 103.0ms | ActiveRecord: 0.0ms)


Started GET "/assets/account_activations-069e88c06b889877799890854d7f4c40.css?body=1" for ::1 at 2015-01-24 20:00:39 -0800


Started GET "/assets/custom-a25e1e848418c6cd80c6aab64c2cf247.css?body=1" for ::1 at 2015-01-24 20:00:39 -0800


Started GET "/assets/sessions-069e88c06b889877799890854d7f4c40.css?body=1" for ::1 at 2015-01-24 20:00:39 -0800


Started GET "/assets/jquery-eb3e278249152b5b5d5170b73d9dbf52.js?body=1" for ::1 at 2015-01-24 20:00:39 -0800


Started GET "/assets/application-604f3e13a24577ac098ba61006f20936.css?body=1" for ::1 at 2015-01-24 20:00:39 -0800


Started GET "/assets/static_pages-069e88c06b889877799890854d7f4c40.css?body=1" for ::1 at 2015-01-24 20:00:39 -0800


Started GET "/assets/users-069e88c06b889877799890854d7f4c40.css?body=1" for ::1 at 2015-01-24 20:00:39 -0800


Started GET "/assets/jquery_ujs-0b8f09cf5aec4ba1be1abd9f915c77e2.js?body=1" for ::1 at 2015-01-24 20:00:39 -0800


Started GET "/assets/bootstrap-2cf50f7cc67d1a75664e680af6181cac.js?body=1" for ::1 at 2015-01-24 20:00:39 -0800


Started GET "/assets/turbolinks-3a7cdb8630f3e86770867bd488a098e0.js?body=1" for ::1 at 2015-01-24 20:00:39 -0800


Started GET "/assets/account_activations-8f6eecd1178ef85964369ec66d33c4f1.js?body=1" for ::1 at 2015-01-24 20:00:39 -0800


Started GET "/assets/static_pages-8f6eecd1178ef85964369ec66d33c4f1.js?body=1" for ::1 at 2015-01-24 20:00:39 -0800


Started GET "/assets/sessions-8f6eecd1178ef85964369ec66d33c4f1.js?body=1" for ::1 at 2015-01-24 20:00:39 -0800


Started GET "/assets/users-8f6eecd1178ef85964369ec66d33c4f1.js?body=1" for ::1 at 2015-01-24 20:00:39 -0800


Started GET "/assets/application-c3d83b9a47aa1a6ea1c27cbbad85d4be.js?body=1" for ::1 at 2015-01-24 20:00:39 -0800


Started GET "/assets/Shape-Lightning-25-31553f03479375eb3f7187c4da0de511.png" for ::1 at 2015-01-24 20:00:39 -0800


Started GET "/" for ::1 at 2015-01-24 20:00:56 -0800
Processing by StaticPagesController#home as HTML
  Rendered static_pages/home.html.erb within layouts/application (0.3ms)
  Rendered layouts/_shim.html.erb (0.1ms)
  Rendered layouts/_header.html.erb (0.4ms)
  Rendered layouts/_footer.html.erb (0.5ms)
Completed 200 OK in 110ms (Views: 109.0ms | ActiveRecord: 0.0ms)


Started GET "/assets/custom-a25e1e848418c6cd80c6aab64c2cf247.css?body=1" for ::1 at 2015-01-24 20:00:56 -0800


Started GET "/assets/users-069e88c06b889877799890854d7f4c40.css?body=1" for ::1 at 2015-01-24 20:00:56 -0800


Started GET "/assets/sessions-069e88c06b889877799890854d7f4c40.css?body=1" for ::1 at 2015-01-24 20:00:56 -0800


Started GET "/assets/jquery-eb3e278249152b5b5d5170b73d9dbf52.js?body=1" for ::1 at 2015-01-24 20:00:56 -0800


Started GET "/assets/account_activations-069e88c06b889877799890854d7f4c40.css?body=1" for ::1 at 2015-01-24 20:00:56 -0800


Started GET "/assets/static_pages-069e88c06b889877799890854d7f4c40.css?body=1" for ::1 at 2015-01-24 20:00:56 -0800


Started GET "/assets/jquery_ujs-0b8f09cf5aec4ba1be1abd9f915c77e2.js?body=1" for ::1 at 2015-01-24 20:00:56 -0800


Started GET "/assets/application-604f3e13a24577ac098ba61006f20936.css?body=1" for ::1 at 2015-01-24 20:00:56 -0800


Started GET "/assets/bootstrap-2cf50f7cc67d1a75664e680af6181cac.js?body=1" for ::1 at 2015-01-24 20:00:56 -0800


Started GET "/assets/turbolinks-3a7cdb8630f3e86770867bd488a098e0.js?body=1" for ::1 at 2015-01-24 20:00:56 -0800


Started GET "/assets/account_activations-8f6eecd1178ef85964369ec66d33c4f1.js?body=1" for ::1 at 2015-01-24 20:00:56 -0800


Started GET "/assets/sessions-8f6eecd1178ef85964369ec66d33c4f1.js?body=1" for ::1 at 2015-01-24 20:00:56 -0800


Started GET "/assets/static_pages-8f6eecd1178ef85964369ec66d33c4f1.js?body=1" for ::1 at 2015-01-24 20:00:56 -0800


Started GET "/assets/users-8f6eecd1178ef85964369ec66d33c4f1.js?body=1" for ::1 at 2015-01-24 20:00:56 -0800


Started GET "/assets/application-c3d83b9a47aa1a6ea1c27cbbad85d4be.js?body=1" for ::1 at 2015-01-24 20:00:56 -0800


Started GET "/assets/Shape-Lightning-25-31553f03479375eb3f7187c4da0de511.png" for ::1 at 2015-01-24 20:00:56 -0800


Started GET "/" for ::1 at 2015-01-24 20:01:25 -0800
Processing by StaticPagesController#home as HTML
  Rendered static_pages/home.html.erb within layouts/application (0.4ms)
  Rendered layouts/_shim.html.erb (0.0ms)
  Rendered layouts/_header.html.erb (0.2ms)
  Rendered layouts/_footer.html.erb (0.4ms)
Completed 200 OK in 102ms (Views: 101.2ms | ActiveRecord: 0.0ms)


Started GET "/assets/application-604f3e13a24577ac098ba61006f20936.css?body=1" for ::1 at 2015-01-24 20:01:26 -0800


Started GET "/assets/custom-a25e1e848418c6cd80c6aab64c2cf247.css?body=1" for ::1 at 2015-01-24 20:01:26 -0800


Started GET "/assets/sessions-069e88c06b889877799890854d7f4c40.css?body=1" for ::1 at 2015-01-24 20:01:26 -0800


Started GET "/assets/account_activations-069e88c06b889877799890854d7f4c40.css?body=1" for ::1 at 2015-01-24 20:01:26 -0800


Started GET "/assets/users-069e88c06b889877799890854d7f4c40.css?body=1" for ::1 at 2015-01-24 20:01:26 -0800


Started GET "/assets/static_pages-069e88c06b889877799890854d7f4c40.css?body=1" for ::1 at 2015-01-24 20:01:26 -0800


Started GET "/assets/jquery_ujs-0b8f09cf5aec4ba1be1abd9f915c77e2.js?body=1" for ::1 at 2015-01-24 20:01:26 -0800


Started GET "/assets/bootstrap-2cf50f7cc67d1a75664e680af6181cac.js?body=1" for ::1 at 2015-01-24 20:01:26 -0800


Started GET "/assets/turbolinks-3a7cdb8630f3e86770867bd488a098e0.js?body=1" for ::1 at 2015-01-24 20:01:26 -0800


Started GET "/assets/jquery-eb3e278249152b5b5d5170b73d9dbf52.js?body=1" for ::1 at 2015-01-24 20:01:26 -0800


Started GET "/assets/account_activations-8f6eecd1178ef85964369ec66d33c4f1.js?body=1" for ::1 at 2015-01-24 20:01:26 -0800


Started GET "/assets/sessions-8f6eecd1178ef85964369ec66d33c4f1.js?body=1" for ::1 at 2015-01-24 20:01:26 -0800


Started GET "/assets/static_pages-8f6eecd1178ef85964369ec66d33c4f1.js?body=1" for ::1 at 2015-01-24 20:01:26 -0800


Started GET "/assets/users-8f6eecd1178ef85964369ec66d33c4f1.js?body=1" for ::1 at 2015-01-24 20:01:26 -0800


Started GET "/assets/application-c3d83b9a47aa1a6ea1c27cbbad85d4be.js?body=1" for ::1 at 2015-01-24 20:01:26 -0800


Started GET "/assets/Shape-Lightning-25-31553f03479375eb3f7187c4da0de511.png" for ::1 at 2015-01-24 20:01:26 -0800


Started GET "/login" for ::1 at 2015-01-24 20:01:28 -0800
Processing by SessionsController#new as HTML
  Rendered sessions/new.html.erb within layouts/application (249.9ms)
  Rendered layouts/_shim.html.erb (0.0ms)
  Rendered layouts/_header.html.erb (0.8ms)
  Rendered layouts/_footer.html.erb (0.4ms)
Completed 200 OK in 355ms (Views: 354.1ms | ActiveRecord: 0.0ms)


Started GET "/signup" for ::1 at 2015-01-24 20:01:37 -0800
Processing by UsersController#new as HTML
  Rendered shared/_error_messages.html.erb (2.8ms)
  Rendered users/new.html.erb within layouts/application (10.2ms)
  Rendered layouts/_shim.html.erb (0.1ms)
  Rendered layouts/_header.html.erb (0.3ms)
  Rendered layouts/_footer.html.erb (0.1ms)
Completed 200 OK in 136ms (Views: 126.6ms | ActiveRecord: 0.4ms)


Started POST "/users" for ::1 at 2015-01-24 20:02:20 -0800
Processing by UsersController#create as HTML
  Parameters: {"utf8"=>"✓", "authenticity_token"=>"HkHWM6LSU5XXzkA6bSCmtoT19KEs0LHJS05n1bU834h88e9X+iNBKyuLSN5oa+xEyXVEC3W4ZJGu51TDnEuSPA==", "user"=>{"name"=>"Jonnie Clow", "email"=>"johnclow@gmail.com", "password"=>"[FILTERED]", "password_confirmation"=>"[FILTERED]"}, "commit"=>"Create my account"}
  [1m[35m (0.2ms)[0m  begin transaction
  [1m[36mUser Exists (0.2ms)[0m  [1mSELECT  1 AS one FROM "users" WHERE LOWER("users"."email") = LOWER('johnclow@gmail.com') LIMIT 1[0m
  [1m[35mSQL (0.6ms)[0m  INSERT INTO "users" ("name", "email", "password_digest", "created_at", "updated_at", "activation_digest") VALUES (?, ?, ?, ?, ?, ?)  [["name", "Jonnie Clow"], ["email", "johnclow@gmail.com"], ["password_digest", "$2a$10$Nf5INfnr3cs3Ene6dg.Q9Ojo10JDjDtJddNUdmDG6QVMCBgP11Soa"], ["created_at", "2015-01-25 04:02:20.963256"], ["updated_at", "2015-01-25 04:02:20.963256"], ["activation_digest", "$2a$10$89gSOjT8.bcXLuEuDp6jBef9gIzM5DB0SoVnpesTxJFR1K/HNRiVu"]]
  [1m[36m (1.3ms)[0m  [1mcommit transaction[0m
  Rendered user_mailer/account_activation.html.erb within layouts/mailer (2.2ms)
  Rendered user_mailer/account_activation.text.erb within layouts/mailer (0.6ms)

UserMailer#account_activation: processed outbound mail in 221.0ms

Sent mail to johnclow@gmail.com (7.7ms)
Date: Sat, 24 Jan 2015 20:02:21 -0800
From: noreply@example.com
To: johnclow@gmail.com
Message-ID: <54c46acd56e58_11023fe12407acfc826ab@Kevins-MacBook-Pro.local.mail>
Subject: Account activation
Mime-Version: 1.0
Content-Type: multipart/alternative;
 boundary="--==_mimepart_54c46acd54c63_11023fe12407acfc825f4";
 charset=UTF-8
Content-Transfer-Encoding: 7bit


----==_mimepart_54c46acd54c63_11023fe12407acfc825f4
Content-Type: text/plain;
 charset=UTF-8
Content-Transfer-Encoding: 7bit

Hi Jonnie Clow,

Welcome to the Sample App! Click on the link below to activate your account:

http://localhost:3000/account_activations/k_zqC3QGgDWkiUD6xKhoMA/edit?email=johnclow%40gmail.com

----==_mimepart_54c46acd54c63_11023fe12407acfc825f4
Content-Type: text/html;
 charset=UTF-8
Content-Transfer-Encoding: 7bit

<html>
  <body>
    <h1>Sample App</h1>


<p>Hi Jonnie Clow,</p>

<p>
Welcome to the Sample App! Click on the link below to activate your account:
</p>

<a href="http://localhost:3000/account_activations/k_zqC3QGgDWkiUD6xKhoMA/edit?email=johnclow%40gmail.com">Activate</a>
  </body>
</html>

----==_mimepart_54c46acd54c63_11023fe12407acfc825f4--

Redirected to http://localhost:3000/
Completed 302 Found in 490ms (ActiveRecord: 2.2ms)


Started GET "/" for ::1 at 2015-01-24 20:02:21 -0800
Processing by StaticPagesController#home as HTML
  Rendered static_pages/home.html.erb within layouts/application (0.4ms)
  Rendered layouts/_shim.html.erb (0.1ms)
  Rendered layouts/_header.html.erb (0.4ms)
  Rendered layouts/_footer.html.erb (0.2ms)
Completed 200 OK in 95ms (Views: 94.8ms | ActiveRecord: 0.0ms)


Started GET "/assets/custom-a25e1e848418c6cd80c6aab64c2cf247.css?body=1" for ::1 at 2015-01-24 20:02:21 -0800


Started GET "/assets/users-069e88c06b889877799890854d7f4c40.css?body=1" for ::1 at 2015-01-24 20:02:21 -0800


Started GET "/assets/sessions-069e88c06b889877799890854d7f4c40.css?body=1" for ::1 at 2015-01-24 20:02:21 -0800


Started GET "/assets/account_activations-069e88c06b889877799890854d7f4c40.css?body=1" for ::1 at 2015-01-24 20:02:21 -0800


Started GET "/assets/jquery-eb3e278249152b5b5d5170b73d9dbf52.js?body=1" for ::1 at 2015-01-24 20:02:21 -0800


Started GET "/assets/application-604f3e13a24577ac098ba61006f20936.css?body=1" for ::1 at 2015-01-24 20:02:21 -0800


Started GET "/assets/static_pages-069e88c06b889877799890854d7f4c40.css?body=1" for ::1 at 2015-01-24 20:02:21 -0800


Started GET "/assets/jquery_ujs-0b8f09cf5aec4ba1be1abd9f915c77e2.js?body=1" for ::1 at 2015-01-24 20:02:21 -0800


Started GET "/assets/bootstrap-2cf50f7cc67d1a75664e680af6181cac.js?body=1" for ::1 at 2015-01-24 20:02:21 -0800


Started GET "/assets/turbolinks-3a7cdb8630f3e86770867bd488a098e0.js?body=1" for ::1 at 2015-01-24 20:02:21 -0800


Started GET "/assets/account_activations-8f6eecd1178ef85964369ec66d33c4f1.js?body=1" for ::1 at 2015-01-24 20:02:21 -0800


Started GET "/assets/sessions-8f6eecd1178ef85964369ec66d33c4f1.js?body=1" for ::1 at 2015-01-24 20:02:21 -0800


Started GET "/assets/static_pages-8f6eecd1178ef85964369ec66d33c4f1.js?body=1" for ::1 at 2015-01-24 20:02:21 -0800


Started GET "/assets/users-8f6eecd1178ef85964369ec66d33c4f1.js?body=1" for ::1 at 2015-01-24 20:02:21 -0800


Started GET "/assets/application-c3d83b9a47aa1a6ea1c27cbbad85d4be.js?body=1" for ::1 at 2015-01-24 20:02:21 -0800


Started GET "/assets/Shape-Lightning-25-31553f03479375eb3f7187c4da0de511.png" for ::1 at 2015-01-24 20:02:21 -0800
